#
# There is insufficient memory for the Java Runtime Environment to continue.
# Native memory allocation (malloc) failed to allocate 853216 bytes for Chunk::new
# Possible reasons:
#   The system is out of physical RAM or swap space
#   The process is running with CompressedOops enabled, and the Java Heap may be blocking the growth of the native heap
# Possible solutions:
#   Reduce memory load on the system
#   Increase physical memory or swap space
#   Check if swap backing store is full
#   Decrease Java heap size (-Xmx/-Xms)
#   Decrease number of Java threads
#   Decrease Java thread stack sizes (-Xss)
#   Set larger code cache with -XX:ReservedCodeCacheSize=
#   JVM is running with Unscaled Compressed Oops mode in which the Java heap is
#     placed in the first 4GB address space. The Java Heap base address is the
#     maximum limit for the native heap growth. Please use -XX:HeapBaseMinAddress
#     to set the Java Heap base and to place the Java Heap above 4GB virtual address.
# This output file may be truncated or incomplete.
#
#  Out of Memory Error (./src/hotspot/share/memory/arena.cpp:197), pid=15016, tid=13328
#
# JRE version: OpenJDK Runtime Environment (11.0.13) (build 11.0.13+0-b1751.21-8125866)
# Java VM: OpenJDK 64-Bit Server VM (11.0.13+0-b1751.21-8125866, mixed mode, tiered, compressed oops, g1 gc, windows-amd64)
# No core dump will be written. Minidumps are not enabled by default on client versions of Windows
#

---------------  S U M M A R Y ------------

Command Line: --add-opens=java.base/java.util=ALL-UNNAMED --add-opens=java.base/java.lang=ALL-UNNAMED --add-opens=java.base/java.lang.invoke=ALL-UNNAMED --add-opens=java.base/java.util=ALL-UNNAMED --add-opens=java.prefs/java.util.prefs=ALL-UNNAMED --add-opens=java.prefs/java.util.prefs=ALL-UNNAMED --add-opens=java.base/java.nio.charset=ALL-UNNAMED --add-opens=java.base/java.net=ALL-UNNAMED --add-opens=java.base/java.util.concurrent.atomic=ALL-UNNAMED -Xmx2048m -Dfile.encoding=UTF-8 -Duser.country=PH -Duser.language=en -Duser.variant org.gradle.launcher.daemon.bootstrap.GradleDaemon 7.4

Host: Intel(R) Core(TM) i5-10300H CPU @ 2.50GHz, 8 cores, 7G,  Windows 11 , 64 bit Build 22621 (10.0.22621.608)
Time: Wed Oct 26 23:38:41 2022 Malay Peninsula Standard Time elapsed time: 8.859093 seconds (0d 0h 0m 8s)

---------------  T H R E A D  ---------------

Current thread (0x000001997758d000):  JavaThread "C2 CompilerThread0" daemon [_thread_in_native, id=13328, stack(0x0000009886900000,0x0000009886a00000)]


Current CompileTask:
C2:   8859 3957       4       java.lang.invoke.LambdaForm$Name::replaceNames (174 bytes)

Stack: [0x0000009886900000,0x0000009886a00000]
Native frames: (J=compiled Java code, j=interpreted, Vv=VM code, C=native code)
V  [jvm.dll+0x6100fa]
V  [jvm.dll+0x747090]
V  [jvm.dll+0x7486ad]
V  [jvm.dll+0x748d83]
V  [jvm.dll+0x24ab48]
V  [jvm.dll+0xc04dc]
V  [jvm.dll+0xc0a0c]
V  [jvm.dll+0x2bfab4]
V  [jvm.dll+0x524238]
V  [jvm.dll+0x204802]
V  [jvm.dll+0x2023c2]
V  [jvm.dll+0x188e01]
V  [jvm.dll+0x21106b]
V  [jvm.dll+0x20f8c1]
V  [jvm.dll+0x70de0f]
V  [jvm.dll+0x706a75]
V  [jvm.dll+0x60ed66]
C  [ucrtbase.dll+0x29363]
C  [KERNEL32.DLL+0x1244d]
C  [ntdll.dll+0x5df78]


---------------  P R O C E S S  ---------------

Threads class SMR info:
_java_thread_list=0x000001997b7c1810, length=36, elements={
0x000001995c77a000, 0x0000019976c13800, 0x0000019976c1d000, 0x0000019977582800,
0x0000019977584000, 0x0000019977587000, 0x000001997758d000, 0x0000019977591800,
0x00000199775b3000, 0x00000199776e7000, 0x00000199795f2000, 0x000001997994e800,
0x0000019978231800, 0x0000019978fbc800, 0x0000019979526800, 0x000001997971c800,
0x0000019978d81000, 0x000001997961c800, 0x00000199799d4000, 0x0000019979629000,
0x00000199798e5000, 0x00000199798eb000, 0x00000199798eb800, 0x00000199798e7800,
0x00000199798e6800, 0x00000199798e6000, 0x00000199798e9000, 0x00000199798ea000,
0x00000199798e8800, 0x0000019979ea3800, 0x0000019979ea9800, 0x0000019979ea4800,
0x0000019979ea7800, 0x0000019979eaa000, 0x0000019979eab000, 0x0000019979eae000
}

Java Threads: ( => current thread )
  0x000001995c77a000 JavaThread "main" [_thread_blocked, id=320, stack(0x0000009885d00000,0x0000009885e00000)]
  0x0000019976c13800 JavaThread "Reference Handler" daemon [_thread_blocked, id=17224, stack(0x0000009886400000,0x0000009886500000)]
  0x0000019976c1d000 JavaThread "Finalizer" daemon [_thread_blocked, id=9140, stack(0x0000009886500000,0x0000009886600000)]
  0x0000019977582800 JavaThread "Signal Dispatcher" daemon [_thread_blocked, id=4036, stack(0x0000009886600000,0x0000009886700000)]
  0x0000019977584000 JavaThread "Attach Listener" daemon [_thread_blocked, id=18524, stack(0x0000009886700000,0x0000009886800000)]
  0x0000019977587000 JavaThread "Service Thread" daemon [_thread_blocked, id=22348, stack(0x0000009886800000,0x0000009886900000)]
=>0x000001997758d000 JavaThread "C2 CompilerThread0" daemon [_thread_in_native, id=13328, stack(0x0000009886900000,0x0000009886a00000)]
  0x0000019977591800 JavaThread "C1 CompilerThread0" daemon [_thread_blocked, id=15984, stack(0x0000009886a00000,0x0000009886b00000)]
  0x00000199775b3000 JavaThread "Sweeper thread" daemon [_thread_blocked, id=19488, stack(0x0000009886b00000,0x0000009886c00000)]
  0x00000199776e7000 JavaThread "Common-Cleaner" daemon [_thread_blocked, id=14708, stack(0x0000009886c00000,0x0000009886d00000)]
  0x00000199795f2000 JavaThread "Daemon health stats" [_thread_blocked, id=10940, stack(0x0000009887000000,0x0000009887100000)]
  0x000001997994e800 JavaThread "Incoming local TCP Connector on port 53617" [_thread_in_native, id=19460, stack(0x0000009887100000,0x0000009887200000)]
  0x0000019978231800 JavaThread "Daemon periodic checks" [_thread_blocked, id=16928, stack(0x0000009887200000,0x0000009887300000)]
  0x0000019978fbc800 JavaThread "Daemon" [_thread_blocked, id=20548, stack(0x0000009887300000,0x0000009887400000)]
  0x0000019979526800 JavaThread "Handler for socket connection from /127.0.0.1:53617 to /127.0.0.1:53618" [_thread_in_native, id=6772, stack(0x0000009887400000,0x0000009887500000)]
  0x000001997971c800 JavaThread "Cancel handler" [_thread_blocked, id=7448, stack(0x0000009887500000,0x0000009887600000)]
  0x0000019978d81000 JavaThread "Daemon worker" [_thread_in_native, id=22872, stack(0x0000009887600000,0x0000009887700000)]
  0x000001997961c800 JavaThread "Asynchronous log dispatcher for DefaultDaemonConnection: socket connection from /127.0.0.1:53617 to /127.0.0.1:53618" [_thread_blocked, id=6604, stack(0x0000009887700000,0x0000009887800000)]
  0x00000199799d4000 JavaThread "Stdin handler" [_thread_blocked, id=6264, stack(0x0000009887800000,0x0000009887900000)]
  0x0000019979629000 JavaThread "Daemon client event forwarder" [_thread_blocked, id=7248, stack(0x0000009887900000,0x0000009887a00000)]
  0x00000199798e5000 JavaThread "Cache worker for journal cache (C:\Users\Ray Ann Martinez\.gradle\caches\journal-1)" [_thread_blocked, id=17396, stack(0x0000009887f00000,0x0000009888000000)]
  0x00000199798eb000 JavaThread "File lock request listener" [_thread_in_native, id=6840, stack(0x0000009888000000,0x0000009888100000)]
  0x00000199798eb800 JavaThread "Cache worker for file hash cache (C:\Users\Ray Ann Martinez\.gradle\caches\7.4\fileHashes)" [_thread_blocked, id=13028, stack(0x0000009888100000,0x0000009888200000)]
  0x00000199798e7800 JavaThread "File watcher server" daemon [_thread_in_native, id=1396, stack(0x0000009888300000,0x0000009888400000)]
  0x00000199798e6800 JavaThread "File watcher consumer" daemon [_thread_blocked, id=6276, stack(0x0000009888400000,0x0000009888500000)]
  0x00000199798e6000 JavaThread "Cache worker for checksums cache (C:\Users\Ray Ann Martinez\AndroidStudioProjects\Synapse\.gradle\7.4\checksums)" [_thread_blocked, id=16408, stack(0x0000009888500000,0x0000009888600000)]
  0x00000199798e9000 JavaThread "Cache worker for cache directory md-rule (C:\Users\Ray Ann Martinez\.gradle\caches\7.4\md-rule)" [_thread_blocked, id=11668, stack(0x0000009888600000,0x0000009888700000)]
  0x00000199798ea000 JavaThread "Cache worker for file hash cache (C:\Users\Ray Ann Martinez\AndroidStudioProjects\Synapse\.gradle\7.4\fileHashes)" [_thread_blocked, id=7676, stack(0x0000009888700000,0x0000009888800000)]
  0x00000199798e8800 JavaThread "Cache worker for cache directory md-supplier (C:\Users\Ray Ann Martinez\.gradle\caches\7.4\md-supplier)" [_thread_blocked, id=1680, stack(0x0000009888800000,0x0000009888900000)]
  0x0000019979ea3800 JavaThread "Cache worker for execution history cache (C:\Users\Ray Ann Martinez\.gradle\caches\7.4\executionHistory)" [_thread_blocked, id=15664, stack(0x0000009888900000,0x0000009888a00000)]
  0x0000019979ea9800 JavaThread "jar transforms" [_thread_blocked, id=13716, stack(0x0000009888a00000,0x0000009888b00000)]
  0x0000019979ea4800 JavaThread "Cache worker for file content cache (C:\Users\Ray Ann Martinez\.gradle\caches\7.4\fileContent)" [_thread_blocked, id=5780, stack(0x0000009888b00000,0x0000009888c00000)]
  0x0000019979ea7800 JavaThread "jar transforms Thread 2" [_thread_blocked, id=20308, stack(0x0000009888c00000,0x0000009888d00000)]
  0x0000019979eaa000 JavaThread "Cache worker for dependencies-accessors (C:\Users\Ray Ann Martinez\AndroidStudioProjects\Synapse\.gradle\7.4\dependencies-accessors)" [_thread_blocked, id=1740, stack(0x0000009888d00000,0x0000009888e00000)]
  0x0000019979eab000 JavaThread "jar transforms Thread 3" [_thread_blocked, id=14360, stack(0x0000009888e00000,0x0000009888f00000)]
  0x0000019979eae000 JavaThread "Cache worker for Build Output Cleanup Cache (C:\Users\Ray Ann Martinez\AndroidStudioProjects\Synapse\.gradle\buildOutputCleanup)" [_thread_blocked, id=14572, stack(0x0000009888f00000,0x0000009889000000)]

Other Threads:
  0x0000019976c0f800 VMThread "VM Thread" [stack: 0x0000009886300000,0x0000009886400000] [id=11424]
  0x0000019977746000 WatcherThread [stack: 0x0000009886d00000,0x0000009886e00000] [id=17860]
  0x000001995c794800 GCTaskThread "GC Thread#0" [stack: 0x0000009885e00000,0x0000009885f00000] [id=22148]
  0x000001997813e800 GCTaskThread "GC Thread#1" [stack: 0x0000009886e00000,0x0000009886f00000] [id=6220]
  0x00000199782a9800 GCTaskThread "GC Thread#2" [stack: 0x0000009886f00000,0x0000009887000000] [id=6700]
  0x000001997906a000 GCTaskThread "GC Thread#3" [stack: 0x0000009887a00000,0x0000009887b00000] [id=3796]
  0x000001997906b800 GCTaskThread "GC Thread#4" [stack: 0x0000009887b00000,0x0000009887c00000] [id=20240]
  0x000001997906d000 GCTaskThread "GC Thread#5" [stack: 0x0000009887c00000,0x0000009887d00000] [id=1756]
  0x00000199798c7800 GCTaskThread "GC Thread#6" [stack: 0x0000009887d00000,0x0000009887e00000] [id=780]
  0x00000199798c8800 GCTaskThread "GC Thread#7" [stack: 0x0000009887e00000,0x0000009887f00000] [id=13500]
  0x000001995c7c9000 ConcurrentGCThread "G1 Main Marker" [stack: 0x0000009885f00000,0x0000009886000000] [id=956]
  0x000001995c7cb000 ConcurrentGCThread "G1 Conc#0" [stack: 0x0000009886000000,0x0000009886100000] [id=12344]
  0x0000019979b69000 ConcurrentGCThread "G1 Conc#1" [stack: 0x0000009888200000,0x0000009888300000] [id=2024]
  0x000001995c84d800 ConcurrentGCThread "G1 Refine#0" [stack: 0x0000009886100000,0x0000009886200000] [id=15788]
  0x0000019976a60800 ConcurrentGCThread "G1 Young RemSet Sampling" [stack: 0x0000009886200000,0x0000009886300000] [id=17700]

Threads with active compile tasks:
C2 CompilerThread0   8886 3957       4       java.lang.invoke.LambdaForm$Name::replaceNames (174 bytes)

VM state:not at safepoint (normal execution)

VM Mutex/Monitor currently owned by a thread: None

Heap address: 0x0000000080000000, size: 2048 MB, Compressed Oops mode: 32-bit
Narrow klass base: 0x0000000000000000, Narrow klass shift: 3
Compressed class space size: 1073741824 Address: 0x0000000100000000

Heap:
 garbage-first heap   total 129024K, used 59564K [0x0000000080000000, 0x0000000100000000)
  region size 1024K, 33 young (33792K), 4 survivors (4096K)
 Metaspace       used 47743K, capacity 48976K, committed 49232K, reserved 1091584K
  class space    used 6067K, capacity 6562K, committed 6656K, reserved 1048576K
Heap Regions: E=young(eden), S=young(survivor), O=old, HS=humongous(starts), HC=humongous(continues), CS=collection set, F=free, A=archive, TAMS=top-at-mark-start (previous, next)
|   0|0x0000000080000000, 0x0000000080100000, 0x0000000080100000|100%| O|  |TAMS 0x0000000080100000, 0x0000000080000000| Untracked 
|   1|0x0000000080100000, 0x0000000080200000, 0x0000000080200000|100%| O|  |TAMS 0x0000000080200000, 0x0000000080100000| Untracked 
|   2|0x0000000080200000, 0x0000000080300000, 0x0000000080300000|100%| O|  |TAMS 0x0000000080300000, 0x0000000080200000| Untracked 
|   3|0x0000000080300000, 0x0000000080400000, 0x0000000080400000|100%|HS|  |TAMS 0x0000000080400000, 0x0000000080300000| Complete 
|   4|0x0000000080400000, 0x0000000080500000, 0x0000000080500000|100%|HC|  |TAMS 0x0000000080500000, 0x0000000080400000| Complete 
|   5|0x0000000080500000, 0x0000000080600000, 0x0000000080600000|100%|HC|  |TAMS 0x0000000080600000, 0x0000000080500000| Complete 
|   6|0x0000000080600000, 0x0000000080700000, 0x0000000080700000|100%| O|  |TAMS 0x0000000080700000, 0x0000000080600000| Untracked 
|   7|0x0000000080700000, 0x0000000080800000, 0x0000000080800000|100%| O|  |TAMS 0x0000000080800000, 0x0000000080700000| Untracked 
|   8|0x0000000080800000, 0x0000000080900000, 0x0000000080900000|100%| O|  |TAMS 0x0000000080900000, 0x0000000080800000| Untracked 
|   9|0x0000000080900000, 0x0000000080a00000, 0x0000000080a00000|100%| O|  |TAMS 0x0000000080a00000, 0x0000000080900000| Untracked 
|  10|0x0000000080a00000, 0x0000000080b00000, 0x0000000080b00000|100%| O|  |TAMS 0x0000000080b00000, 0x0000000080a00000| Untracked 
|  11|0x0000000080b00000, 0x0000000080c00000, 0x0000000080c00000|100%| O|  |TAMS 0x0000000080c00000, 0x0000000080b00000| Untracked 
|  12|0x0000000080c00000, 0x0000000080d00000, 0x0000000080d00000|100%| O|  |TAMS 0x0000000080d00000, 0x0000000080c00000| Untracked 
|  13|0x0000000080d00000, 0x0000000080e00000, 0x0000000080e00000|100%| O|  |TAMS 0x0000000080e00000, 0x0000000080d00000| Untracked 
|  14|0x0000000080e00000, 0x0000000080f00000, 0x0000000080f00000|100%| O|  |TAMS 0x0000000080f00000, 0x0000000080e00000| Untracked 
|  15|0x0000000080f00000, 0x0000000081000000, 0x0000000081000000|100%| O|  |TAMS 0x0000000080f20e00, 0x0000000080f00000| Untracked 
|  16|0x0000000081000000, 0x0000000081000000, 0x0000000081100000|  0%| F|  |TAMS 0x0000000081000000, 0x0000000081000000| Untracked 
|  17|0x0000000081100000, 0x0000000081200000, 0x0000000081200000|100%| O|  |TAMS 0x0000000081100000, 0x0000000081100000| Untracked 
|  18|0x0000000081200000, 0x0000000081300000, 0x0000000081300000|100%| O|  |TAMS 0x0000000081200000, 0x0000000081200000| Untracked 
|  19|0x0000000081300000, 0x0000000081400000, 0x0000000081400000|100%| O|  |TAMS 0x0000000081300000, 0x0000000081300000| Untracked 
|  20|0x0000000081400000, 0x0000000081500000, 0x0000000081500000|100%| O|  |TAMS 0x0000000081400000, 0x0000000081400000| Untracked 
|  21|0x0000000081500000, 0x0000000081600000, 0x0000000081600000|100%| O|  |TAMS 0x0000000081500000, 0x0000000081500000| Untracked 
|  22|0x0000000081600000, 0x0000000081700000, 0x0000000081700000|100%| O|  |TAMS 0x0000000081600000, 0x0000000081600000| Untracked 
|  23|0x0000000081700000, 0x0000000081800000, 0x0000000081800000|100%| O|  |TAMS 0x0000000081700000, 0x0000000081700000| Untracked 
|  24|0x0000000081800000, 0x0000000081900000, 0x0000000081900000|100%| O|  |TAMS 0x0000000081800000, 0x0000000081800000| Untracked 
|  25|0x0000000081900000, 0x0000000081a00000, 0x0000000081a00000|100%| O|  |TAMS 0x0000000081900000, 0x0000000081900000| Untracked 
|  26|0x0000000081a00000, 0x0000000081b00000, 0x0000000081b00000|100%| O|  |TAMS 0x0000000081a00000, 0x0000000081a00000| Untracked 
|  27|0x0000000081b00000, 0x0000000081b2b200, 0x0000000081c00000| 16%| O|  |TAMS 0x0000000081b00000, 0x0000000081b00000| Untracked 
|  28|0x0000000081c00000, 0x0000000081c00000, 0x0000000081d00000|  0%| F|  |TAMS 0x0000000081c00000, 0x0000000081c00000| Untracked 
|  29|0x0000000081d00000, 0x0000000081d00000, 0x0000000081e00000|  0%| F|  |TAMS 0x0000000081d00000, 0x0000000081d00000| Untracked 
|  30|0x0000000081e00000, 0x0000000081e00000, 0x0000000081f00000|  0%| F|  |TAMS 0x0000000081e00000, 0x0000000081e00000| Untracked 
|  31|0x0000000081f00000, 0x0000000081f00000, 0x0000000082000000|  0%| F|  |TAMS 0x0000000081f00000, 0x0000000081f00000| Untracked 
|  32|0x0000000082000000, 0x0000000082000000, 0x0000000082100000|  0%| F|  |TAMS 0x0000000082000000, 0x0000000082000000| Untracked 
|  33|0x0000000082100000, 0x0000000082100000, 0x0000000082200000|  0%| F|  |TAMS 0x0000000082100000, 0x0000000082100000| Untracked 
|  34|0x0000000082200000, 0x0000000082200000, 0x0000000082300000|  0%| F|  |TAMS 0x0000000082200000, 0x0000000082200000| Untracked 
|  35|0x0000000082300000, 0x0000000082300000, 0x0000000082400000|  0%| F|  |TAMS 0x0000000082300000, 0x0000000082300000| Untracked 
|  36|0x0000000082400000, 0x0000000082400000, 0x0000000082500000|  0%| F|  |TAMS 0x0000000082400000, 0x0000000082400000| Untracked 
|  37|0x0000000082500000, 0x0000000082500000, 0x0000000082600000|  0%| F|  |TAMS 0x0000000082500000, 0x0000000082500000| Untracked 
|  38|0x0000000082600000, 0x0000000082600000, 0x0000000082700000|  0%| F|  |TAMS 0x0000000082600000, 0x0000000082600000| Untracked 
|  39|0x0000000082700000, 0x0000000082700000, 0x0000000082800000|  0%| F|  |TAMS 0x0000000082700000, 0x0000000082700000| Untracked 
|  40|0x0000000082800000, 0x0000000082800000, 0x0000000082900000|  0%| F|  |TAMS 0x0000000082800000, 0x0000000082800000| Untracked 
|  41|0x0000000082900000, 0x0000000082900000, 0x0000000082a00000|  0%| F|  |TAMS 0x0000000082900000, 0x0000000082900000| Untracked 
|  42|0x0000000082a00000, 0x0000000082a00000, 0x0000000082b00000|  0%| F|  |TAMS 0x0000000082a00000, 0x0000000082a00000| Untracked 
|  43|0x0000000082b00000, 0x0000000082b00000, 0x0000000082c00000|  0%| F|  |TAMS 0x0000000082b00000, 0x0000000082b00000| Untracked 
|  44|0x0000000082c00000, 0x0000000082c00000, 0x0000000082d00000|  0%| F|  |TAMS 0x0000000082c00000, 0x0000000082c00000| Untracked 
|  45|0x0000000082d00000, 0x0000000082d00000, 0x0000000082e00000|  0%| F|  |TAMS 0x0000000082d00000, 0x0000000082d00000| Untracked 
|  46|0x0000000082e00000, 0x0000000082e00000, 0x0000000082f00000|  0%| F|  |TAMS 0x0000000082e00000, 0x0000000082e00000| Untracked 
|  47|0x0000000082f00000, 0x0000000082f00000, 0x0000000083000000|  0%| F|  |TAMS 0x0000000082f00000, 0x0000000082f00000| Untracked 
|  48|0x0000000083000000, 0x0000000083000000, 0x0000000083100000|  0%| F|  |TAMS 0x0000000083000000, 0x0000000083000000| Untracked 
|  49|0x0000000083100000, 0x0000000083100000, 0x0000000083200000|  0%| F|  |TAMS 0x0000000083100000, 0x0000000083100000| Untracked 
|  50|0x0000000083200000, 0x0000000083200000, 0x0000000083300000|  0%| F|  |TAMS 0x0000000083200000, 0x0000000083200000| Untracked 
|  51|0x0000000083300000, 0x0000000083300000, 0x0000000083400000|  0%| F|  |TAMS 0x0000000083300000, 0x0000000083300000| Untracked 
|  52|0x0000000083400000, 0x0000000083400000, 0x0000000083500000|  0%| F|  |TAMS 0x0000000083400000, 0x0000000083400000| Untracked 
|  53|0x0000000083500000, 0x0000000083500000, 0x0000000083600000|  0%| F|  |TAMS 0x0000000083500000, 0x0000000083500000| Untracked 
|  54|0x0000000083600000, 0x0000000083600000, 0x0000000083700000|  0%| F|  |TAMS 0x0000000083600000, 0x0000000083600000| Untracked 
|  55|0x0000000083700000, 0x0000000083700000, 0x0000000083800000|  0%| F|  |TAMS 0x0000000083700000, 0x0000000083700000| Untracked 
|  56|0x0000000083800000, 0x0000000083800000, 0x0000000083900000|  0%| F|  |TAMS 0x0000000083800000, 0x0000000083800000| Untracked 
|  57|0x0000000083900000, 0x0000000083900000, 0x0000000083a00000|  0%| F|  |TAMS 0x0000000083900000, 0x0000000083900000| Untracked 
|  58|0x0000000083a00000, 0x0000000083a00000, 0x0000000083b00000|  0%| F|  |TAMS 0x0000000083a00000, 0x0000000083a00000| Untracked 
|  59|0x0000000083b00000, 0x0000000083c00000, 0x0000000083c00000|100%| S|CS|TAMS 0x0000000083b00000, 0x0000000083b00000| Complete 
|  60|0x0000000083c00000, 0x0000000083d00000, 0x0000000083d00000|100%| S|CS|TAMS 0x0000000083c00000, 0x0000000083c00000| Complete 
|  61|0x0000000083d00000, 0x0000000083e00000, 0x0000000083e00000|100%| S|CS|TAMS 0x0000000083d00000, 0x0000000083d00000| Complete 
|  62|0x0000000083e00000, 0x0000000083f00000, 0x0000000083f00000|100%| S|CS|TAMS 0x0000000083e00000, 0x0000000083e00000| Complete 
|  63|0x0000000083f00000, 0x0000000083f00000, 0x0000000084000000|  0%| F|  |TAMS 0x0000000083f00000, 0x0000000083f00000| Untracked 
|  64|0x0000000084000000, 0x0000000084000000, 0x0000000084100000|  0%| F|  |TAMS 0x0000000084000000, 0x0000000084000000| Untracked 
|  65|0x0000000084100000, 0x0000000084100000, 0x0000000084200000|  0%| F|  |TAMS 0x0000000084100000, 0x0000000084100000| Untracked 
|  66|0x0000000084200000, 0x0000000084200000, 0x0000000084300000|  0%| F|  |TAMS 0x0000000084200000, 0x0000000084200000| Untracked 
|  67|0x0000000084300000, 0x0000000084300000, 0x0000000084400000|  0%| F|  |TAMS 0x0000000084300000, 0x0000000084300000| Untracked 
|  68|0x0000000084400000, 0x0000000084400000, 0x0000000084500000|  0%| F|  |TAMS 0x0000000084400000, 0x0000000084400000| Untracked 
|  69|0x0000000084500000, 0x0000000084500000, 0x0000000084600000|  0%| F|  |TAMS 0x0000000084500000, 0x0000000084500000| Untracked 
|  70|0x0000000084600000, 0x0000000084600000, 0x0000000084700000|  0%| F|  |TAMS 0x0000000084600000, 0x0000000084600000| Untracked 
|  71|0x0000000084700000, 0x0000000084700000, 0x0000000084800000|  0%| F|  |TAMS 0x0000000084700000, 0x0000000084700000| Untracked 
|  72|0x0000000084800000, 0x0000000084800000, 0x0000000084900000|  0%| F|  |TAMS 0x0000000084800000, 0x0000000084800000| Untracked 
|  73|0x0000000084900000, 0x0000000084900000, 0x0000000084a00000|  0%| F|  |TAMS 0x0000000084900000, 0x0000000084900000| Untracked 
|  74|0x0000000084a00000, 0x0000000084a00000, 0x0000000084b00000|  0%| F|  |TAMS 0x0000000084a00000, 0x0000000084a00000| Untracked 
|  75|0x0000000084b00000, 0x0000000084b00000, 0x0000000084c00000|  0%| F|  |TAMS 0x0000000084b00000, 0x0000000084b00000| Untracked 
|  76|0x0000000084c00000, 0x0000000084c00000, 0x0000000084d00000|  0%| F|  |TAMS 0x0000000084c00000, 0x0000000084c00000| Untracked 
|  77|0x0000000084d00000, 0x0000000084d00000, 0x0000000084e00000|  0%| F|  |TAMS 0x0000000084d00000, 0x0000000084d00000| Untracked 
|  78|0x0000000084e00000, 0x0000000084e00000, 0x0000000084f00000|  0%| F|  |TAMS 0x0000000084e00000, 0x0000000084e00000| Untracked 
|  79|0x0000000084f00000, 0x0000000084f00000, 0x0000000085000000|  0%| F|  |TAMS 0x0000000084f00000, 0x0000000084f00000| Untracked 
|  80|0x0000000085000000, 0x0000000085000000, 0x0000000085100000|  0%| F|  |TAMS 0x0000000085000000, 0x0000000085000000| Untracked 
|  81|0x0000000085100000, 0x0000000085100000, 0x0000000085200000|  0%| F|  |TAMS 0x0000000085100000, 0x0000000085100000| Untracked 
|  82|0x0000000085200000, 0x0000000085200000, 0x0000000085300000|  0%| F|  |TAMS 0x0000000085200000, 0x0000000085200000| Untracked 
|  83|0x0000000085300000, 0x0000000085300000, 0x0000000085400000|  0%| F|  |TAMS 0x0000000085300000, 0x0000000085300000| Untracked 
|  84|0x0000000085400000, 0x0000000085400000, 0x0000000085500000|  0%| F|  |TAMS 0x0000000085400000, 0x0000000085400000| Untracked 
|  85|0x0000000085500000, 0x0000000085500000, 0x0000000085600000|  0%| F|  |TAMS 0x0000000085500000, 0x0000000085500000| Untracked 
|  86|0x0000000085600000, 0x0000000085600000, 0x0000000085700000|  0%| F|  |TAMS 0x0000000085600000, 0x0000000085600000| Untracked 
|  87|0x0000000085700000, 0x0000000085700000, 0x0000000085800000|  0%| F|  |TAMS 0x0000000085700000, 0x0000000085700000| Untracked 
|  88|0x0000000085800000, 0x0000000085800000, 0x0000000085900000|  0%| F|  |TAMS 0x0000000085800000, 0x0000000085800000| Untracked 
|  89|0x0000000085900000, 0x0000000085900000, 0x0000000085a00000|  0%| F|  |TAMS 0x0000000085900000, 0x0000000085900000| Untracked 
|  90|0x0000000085a00000, 0x0000000085a00000, 0x0000000085b00000|  0%| F|  |TAMS 0x0000000085a00000, 0x0000000085a00000| Untracked 
|  91|0x0000000085b00000, 0x0000000085b00000, 0x0000000085c00000|  0%| F|  |TAMS 0x0000000085b00000, 0x0000000085b00000| Untracked 
|  92|0x0000000085c00000, 0x0000000085c00000, 0x0000000085d00000|  0%| F|  |TAMS 0x0000000085c00000, 0x0000000085c00000| Untracked 
|  93|0x0000000085d00000, 0x0000000085d00000, 0x0000000085e00000|  0%| F|  |TAMS 0x0000000085d00000, 0x0000000085d00000| Untracked 
|  94|0x0000000085e00000, 0x0000000085e00000, 0x0000000085f00000|  0%| F|  |TAMS 0x0000000085e00000, 0x0000000085e00000| Untracked 
|  95|0x0000000085f00000, 0x0000000085f00000, 0x0000000086000000|  0%| F|  |TAMS 0x0000000085f00000, 0x0000000085f00000| Untracked 
|  96|0x0000000086000000, 0x0000000086000000, 0x0000000086100000|  0%| F|  |TAMS 0x0000000086000000, 0x0000000086000000| Untracked 
|  97|0x0000000086100000, 0x0000000086200000, 0x0000000086200000|100%| E|  |TAMS 0x0000000086100000, 0x0000000086100000| Complete 
|  98|0x0000000086200000, 0x0000000086300000, 0x0000000086300000|100%| E|CS|TAMS 0x0000000086200000, 0x0000000086200000| Complete 
|  99|0x0000000086300000, 0x0000000086400000, 0x0000000086400000|100%| E|CS|TAMS 0x0000000086300000, 0x0000000086300000| Complete 
| 100|0x0000000086400000, 0x0000000086500000, 0x0000000086500000|100%| E|CS|TAMS 0x0000000086400000, 0x0000000086400000| Complete 
| 101|0x0000000086500000, 0x0000000086600000, 0x0000000086600000|100%| E|CS|TAMS 0x0000000086500000, 0x0000000086500000| Complete 
| 102|0x0000000086600000, 0x0000000086700000, 0x0000000086700000|100%| E|CS|TAMS 0x0000000086600000, 0x0000000086600000| Complete 
| 103|0x0000000086700000, 0x0000000086800000, 0x0000000086800000|100%| E|CS|TAMS 0x0000000086700000, 0x0000000086700000| Complete 
| 104|0x0000000086800000, 0x0000000086900000, 0x0000000086900000|100%| E|CS|TAMS 0x0000000086800000, 0x0000000086800000| Complete 
| 105|0x0000000086900000, 0x0000000086a00000, 0x0000000086a00000|100%| E|CS|TAMS 0x0000000086900000, 0x0000000086900000| Complete 
| 106|0x0000000086a00000, 0x0000000086b00000, 0x0000000086b00000|100%| E|CS|TAMS 0x0000000086a00000, 0x0000000086a00000| Complete 
| 107|0x0000000086b00000, 0x0000000086c00000, 0x0000000086c00000|100%| E|CS|TAMS 0x0000000086b00000, 0x0000000086b00000| Complete 
| 108|0x0000000086c00000, 0x0000000086d00000, 0x0000000086d00000|100%| E|CS|TAMS 0x0000000086c00000, 0x0000000086c00000| Complete 
| 109|0x0000000086d00000, 0x0000000086e00000, 0x0000000086e00000|100%| E|CS|TAMS 0x0000000086d00000, 0x0000000086d00000| Complete 
| 110|0x0000000086e00000, 0x0000000086f00000, 0x0000000086f00000|100%| E|CS|TAMS 0x0000000086e00000, 0x0000000086e00000| Complete 
| 111|0x0000000086f00000, 0x0000000087000000, 0x0000000087000000|100%| E|CS|TAMS 0x0000000086f00000, 0x0000000086f00000| Complete 
| 112|0x0000000087000000, 0x0000000087100000, 0x0000000087100000|100%| E|CS|TAMS 0x0000000087000000, 0x0000000087000000| Complete 
| 113|0x0000000087100000, 0x0000000087200000, 0x0000000087200000|100%| E|CS|TAMS 0x0000000087100000, 0x0000000087100000| Complete 
| 114|0x0000000087200000, 0x0000000087300000, 0x0000000087300000|100%| E|CS|TAMS 0x0000000087200000, 0x0000000087200000| Complete 
| 115|0x0000000087300000, 0x0000000087400000, 0x0000000087400000|100%| E|CS|TAMS 0x0000000087300000, 0x0000000087300000| Complete 
| 116|0x0000000087400000, 0x0000000087500000, 0x0000000087500000|100%| E|CS|TAMS 0x0000000087400000, 0x0000000087400000| Complete 
| 117|0x0000000087500000, 0x0000000087600000, 0x0000000087600000|100%| E|CS|TAMS 0x0000000087500000, 0x0000000087500000| Complete 
| 118|0x0000000087600000, 0x0000000087700000, 0x0000000087700000|100%| E|CS|TAMS 0x0000000087600000, 0x0000000087600000| Complete 
| 119|0x0000000087700000, 0x0000000087800000, 0x0000000087800000|100%| E|CS|TAMS 0x0000000087700000, 0x0000000087700000| Complete 
| 120|0x0000000087800000, 0x0000000087900000, 0x0000000087900000|100%| E|CS|TAMS 0x0000000087800000, 0x0000000087800000| Complete 
| 121|0x0000000087900000, 0x0000000087a00000, 0x0000000087a00000|100%| E|CS|TAMS 0x0000000087900000, 0x0000000087900000| Complete 
| 122|0x0000000087a00000, 0x0000000087b00000, 0x0000000087b00000|100%| E|CS|TAMS 0x0000000087a00000, 0x0000000087a00000| Complete 
| 123|0x0000000087b00000, 0x0000000087c00000, 0x0000000087c00000|100%| E|CS|TAMS 0x0000000087b00000, 0x0000000087b00000| Complete 
| 124|0x0000000087c00000, 0x0000000087d00000, 0x0000000087d00000|100%| E|CS|TAMS 0x0000000087c00000, 0x0000000087c00000| Complete 
| 125|0x0000000087d00000, 0x0000000087e00000, 0x0000000087e00000|100%| E|CS|TAMS 0x0000000087d00000, 0x0000000087d00000| Complete 

Card table byte_map: [0x000001996f9c0000,0x000001996fdc0000] _byte_map_base: 0x000001996f5c0000

Marking Bits (Prev, Next): (CMBitMap*) 0x000001995c7c04b8, (CMBitMap*) 0x000001995c7c04f0
 Prev Bits: [0x00000199701c0000, 0x00000199721c0000)
 Next Bits: [0x00000199721c0000, 0x00000199741c0000)

Polling page: 0x000001995a6e0000

Metaspace:

Usage:
  Non-class:     41.42 MB capacity,    40.70 MB ( 98%) used,   617.30 KB (  1%) free+waste,   121.31 KB ( <1%) overhead. 
      Class:      6.41 MB capacity,     5.93 MB ( 92%) used,   435.80 KB (  7%) free+waste,    58.31 KB ( <1%) overhead. 
       Both:     47.83 MB capacity,    46.62 MB ( 97%) used,     1.03 MB (  2%) free+waste,   179.63 KB ( <1%) overhead. 

Virtual space:
  Non-class space:       42.00 MB reserved,      41.58 MB ( 99%) committed 
      Class space:        1.00 GB reserved,       6.50 MB ( <1%) committed 
             Both:        1.04 GB reserved,      48.08 MB (  5%) committed 

Chunk freelists:
   Non-Class:  34.00 KB
       Class:  30.00 KB
        Both:  64.00 KB

MaxMetaspaceSize: 17179869184.00 GB
CompressedClassSpaceSize: 1.00 GB
Initial GC threshold: 20.80 MB
Current GC threshold: 58.88 MB
CDS: off

CodeHeap 'non-profiled nmethods': size=120000Kb used=1788Kb max_used=1788Kb free=118211Kb
 bounds [0x0000019967d60000, 0x0000019967fd0000, 0x000001996f290000]
CodeHeap 'profiled nmethods': size=120000Kb used=8281Kb max_used=8281Kb free=111718Kb
 bounds [0x0000019960830000, 0x0000019961050000, 0x0000019967d60000]
CodeHeap 'non-nmethods': size=5760Kb used=2287Kb max_used=2318Kb free=3472Kb
 bounds [0x0000019960290000, 0x0000019960500000, 0x0000019960830000]
 total_blobs=4761 nmethods=3975 adapters=698
 compilation: enabled
              stopped_count=0, restarted_count=0
 full_count=0

Compilation events (20 events):
Event: 8.840 Thread 0x0000019977591800 3994       3       java.util.Collections$UnmodifiableSet::<init> (6 bytes)
Event: 8.840 Thread 0x0000019977591800 nmethod 3994 0x0000019961037b10 code [0x0000019961037ce0, 0x0000019961037fe8]
Event: 8.840 Thread 0x0000019977591800 3995       3       com.google.common.collect.ImmutableSet::<init> (5 bytes)
Event: 8.840 Thread 0x0000019977591800 nmethod 3995 0x0000019961038110 code [0x00000199610382e0, 0x00000199610384f8]
Event: 8.840 Thread 0x0000019977591800 3997       3       com.google.common.collect.RegularImmutableMap::size (6 bytes)
Event: 8.840 Thread 0x0000019977591800 nmethod 3997 0x0000019961038610 code [0x00000199610387c0, 0x00000199610388d8]
Event: 8.840 Thread 0x0000019977591800 3996       3       com.google.common.collect.Iterators$9::hasNext (13 bytes)
Event: 8.841 Thread 0x0000019977591800 nmethod 3996 0x0000019961038990 code [0x0000019961038b40, 0x0000019961038c98]
Event: 8.848 Thread 0x0000019977591800 3999       1       org.gradle.api.internal.collections.AbstractIterationOrderRetainingElementSource$Element::isRealized (5 bytes)
Event: 8.848 Thread 0x0000019977591800 nmethod 3999 0x0000019967f1c010 code [0x0000019967f1c1c0, 0x0000019967f1c278]
Event: 8.849 Thread 0x0000019977591800 4000       3       java.util.ArrayList::toArray (12 bytes)
Event: 8.849 Thread 0x0000019977591800 nmethod 4000 0x0000019961038d10 code [0x0000019961038ee0, 0x00000199610390a8]
Event: 8.849 Thread 0x0000019977591800 4001       3       org.gradle.internal.logging.slf4j.OutputEventListenerBackedLogger::debug (7 bytes)
Event: 8.849 Thread 0x0000019977591800 nmethod 4001 0x0000019961039190 code [0x00000199610393c0, 0x0000019961039b78]
Event: 8.849 Thread 0x0000019977591800 4002       3       org.gradle.internal.logging.slf4j.BuildOperationAwareLogger::debug (18 bytes)
Event: 8.849 Thread 0x0000019977591800 nmethod 4002 0x0000019961039e90 code [0x000001996103a080, 0x000001996103a558]
Event: 8.850 Thread 0x0000019977591800 4003       3       java.util.Collections$1::next (25 bytes)
Event: 8.850 Thread 0x0000019977591800 nmethod 4003 0x000001996103a710 code [0x000001996103a8e0, 0x000001996103aae8]
Event: 8.855 Thread 0x0000019977591800 4004       1       org.gradle.api.internal.attributes.DefaultImmutableAttributes::hashCode (5 bytes)
Event: 8.855 Thread 0x0000019977591800 nmethod 4004 0x0000019967f1c310 code [0x0000019967f1c4c0, 0x0000019967f1c578]

GC Heap History (14 events):
Event: 1.075 GC heap before
{Heap before GC invocations=0 (full 0):
 garbage-first heap   total 129024K, used 29696K [0x0000000080000000, 0x0000000100000000)
  region size 1024K, 24 young (24576K), 0 survivors (0K)
 Metaspace       used 10141K, capacity 10327K, committed 10624K, reserved 1058816K
  class space    used 1037K, capacity 1106K, committed 1152K, reserved 1048576K
}
Event: 1.081 GC heap after
{Heap after GC invocations=1 (full 0):
 garbage-first heap   total 129024K, used 9214K [0x0000000080000000, 0x0000000100000000)
  region size 1024K, 3 young (3072K), 3 survivors (3072K)
 Metaspace       used 10141K, capacity 10327K, committed 10624K, reserved 1058816K
  class space    used 1037K, capacity 1106K, committed 1152K, reserved 1048576K
}
Event: 3.325 GC heap before
{Heap before GC invocations=1 (full 0):
 garbage-first heap   total 129024K, used 82942K [0x0000000080000000, 0x0000000100000000)
  region size 1024K, 75 young (76800K), 3 survivors (3072K)
 Metaspace       used 17313K, capacity 17695K, committed 17792K, reserved 1064960K
  class space    used 1991K, capacity 2137K, committed 2176K, reserved 1048576K
}
Event: 3.355 GC heap after
{Heap after GC invocations=2 (full 0):
 garbage-first heap   total 129024K, used 15894K [0x0000000080000000, 0x0000000100000000)
  region size 1024K, 10 young (10240K), 10 survivors (10240K)
 Metaspace       used 17313K, capacity 17695K, committed 17792K, reserved 1064960K
  class space    used 1991K, capacity 2137K, committed 2176K, reserved 1048576K
}
Event: 4.043 GC heap before
{Heap before GC invocations=2 (full 0):
 garbage-first heap   total 129024K, used 49686K [0x0000000080000000, 0x0000000100000000)
  region size 1024K, 44 young (45056K), 10 survivors (10240K)
 Metaspace       used 20809K, capacity 21191K, committed 21296K, reserved 1069056K
  class space    used 2533K, capacity 2686K, committed 2688K, reserved 1048576K
}
Event: 4.052 GC heap after
{Heap after GC invocations=3 (full 0):
 garbage-first heap   total 129024K, used 17268K [0x0000000080000000, 0x0000000100000000)
  region size 1024K, 2 young (2048K), 2 survivors (2048K)
 Metaspace       used 20809K, capacity 21191K, committed 21296K, reserved 1069056K
  class space    used 2533K, capacity 2686K, committed 2688K, reserved 1048576K
}
Event: 5.414 GC heap before
{Heap before GC invocations=4 (full 0):
 garbage-first heap   total 129024K, used 77684K [0x0000000080000000, 0x0000000100000000)
  region size 1024K, 61 young (62464K), 2 survivors (2048K)
 Metaspace       used 26912K, capacity 27536K, committed 27696K, reserved 1073152K
  class space    used 3484K, capacity 3705K, committed 3712K, reserved 1048576K
}
Event: 5.419 GC heap after
{Heap after GC invocations=5 (full 0):
 garbage-first heap   total 129024K, used 18871K [0x0000000080000000, 0x0000000100000000)
  region size 1024K, 4 young (4096K), 4 survivors (4096K)
 Metaspace       used 26912K, capacity 27536K, committed 27696K, reserved 1073152K
  class space    used 3484K, capacity 3705K, committed 3712K, reserved 1048576K
}
Event: 6.890 GC heap before
{Heap before GC invocations=5 (full 0):
 garbage-first heap   total 129024K, used 76215K [0x0000000080000000, 0x0000000100000000)
  region size 1024K, 61 young (62464K), 4 survivors (4096K)
 Metaspace       used 34993K, capacity 35746K, committed 35920K, reserved 1081344K
  class space    used 4493K, capacity 4784K, committed 4864K, reserved 1048576K
}
Event: 6.900 GC heap after
{Heap after GC invocations=6 (full 0):
 garbage-first heap   total 129024K, used 21983K [0x0000000080000000, 0x0000000100000000)
  region size 1024K, 7 young (7168K), 7 survivors (7168K)
 Metaspace       used 34993K, capacity 35746K, committed 35920K, reserved 1081344K
  class space    used 4493K, capacity 4784K, committed 4864K, reserved 1048576K
}
Event: 7.685 GC heap before
{Heap before GC invocations=7 (full 0):
 garbage-first heap   total 129024K, used 90591K [0x0000000080000000, 0x0000000100000000)
  region size 1024K, 72 young (73728K), 7 survivors (7168K)
 Metaspace       used 40318K, capacity 41299K, committed 41424K, reserved 1085440K
  class space    used 5087K, capacity 5414K, committed 5504K, reserved 1048576K
}
Event: 7.695 GC heap after
{Heap after GC invocations=8 (full 0):
 garbage-first heap   total 129024K, used 27665K [0x0000000080000000, 0x0000000100000000)
  region size 1024K, 9 young (9216K), 9 survivors (9216K)
 Metaspace       used 40318K, capacity 41299K, committed 41424K, reserved 1085440K
  class space    used 5087K, capacity 5414K, committed 5504K, reserved 1048576K
}
Event: 8.637 GC heap before
{Heap before GC invocations=8 (full 0):
 garbage-first heap   total 129024K, used 93201K [0x0000000080000000, 0x0000000100000000)
  region size 1024K, 72 young (73728K), 9 survivors (9216K)
 Metaspace       used 45557K, capacity 46650K, committed 46800K, reserved 1089536K
  class space    used 5774K, capacity 6209K, committed 6272K, reserved 1048576K
}
Event: 8.645 GC heap after
{Heap after GC invocations=9 (full 0):
 garbage-first heap   total 129024K, used 30892K [0x0000000080000000, 0x0000000100000000)
  region size 1024K, 4 young (4096K), 4 survivors (4096K)
 Metaspace       used 45557K, capacity 46650K, committed 46800K, reserved 1089536K
  class space    used 5774K, capacity 6209K, committed 6272K, reserved 1048576K
}

Deoptimization events (20 events):
Event: 8.019 Thread 0x0000019978d81000 DEOPT PACKING pc=0x0000019967eef508 sp=0x00000098876f8df0
Event: 8.019 Thread 0x0000019978d81000 DEOPT UNPACKING pc=0x00000199602da1af sp=0x00000098876f8d88 mode 2
Event: 8.070 Thread 0x0000019978d81000 Uncommon trap: trap_request=0xffffff4d fr.pc=0x0000019967ea1830 relative=0x0000000000001b30
Event: 8.071 Thread 0x0000019978d81000 Uncommon trap: reason=unstable_if action=reinterpret pc=0x0000019967ea1830 method=java.util.concurrent.ConcurrentHashMap.computeIfAbsent(Ljava/lang/Object;Ljava/util/function/Function;)Ljava/lang/Object; @ 123 c2
Event: 8.071 Thread 0x0000019978d81000 DEOPT PACKING pc=0x0000019967ea1830 sp=0x00000098876fa260
Event: 8.071 Thread 0x0000019978d81000 DEOPT UNPACKING pc=0x00000199602da1af sp=0x00000098876fa200 mode 2
Event: 8.565 Thread 0x0000019978d81000 Uncommon trap: trap_request=0xffffff4d fr.pc=0x0000019967de4e10 relative=0x00000000000001d0
Event: 8.565 Thread 0x0000019978d81000 Uncommon trap: reason=unstable_if action=reinterpret pc=0x0000019967de4e10 method=java.net.URI$Parser.scan(IILjava/lang/String;)I @ 26 c2
Event: 8.565 Thread 0x0000019978d81000 DEOPT PACKING pc=0x0000019967de4e10 sp=0x00000098876f8c30
Event: 8.565 Thread 0x0000019978d81000 DEOPT UNPACKING pc=0x00000199602da1af sp=0x00000098876f8bc0 mode 2
Event: 8.565 Thread 0x0000019978d81000 Uncommon trap: trap_request=0xffffff4d fr.pc=0x0000019967dbefb0 relative=0x0000000000000130
Event: 8.565 Thread 0x0000019978d81000 Uncommon trap: reason=unstable_if action=reinterpret pc=0x0000019967dbefb0 method=java.net.URI.match(CJJ)Z @ 45 c2
Event: 8.565 Thread 0x0000019978d81000 DEOPT PACKING pc=0x0000019967dbefb0 sp=0x00000098876f89a0
Event: 8.565 Thread 0x0000019978d81000 DEOPT UNPACKING pc=0x00000199602da1af sp=0x00000098876f88d8 mode 2
Event: 8.566 Thread 0x0000019978d81000 Uncommon trap: trap_request=0xffffff4d fr.pc=0x0000019967d84844 relative=0x00000000000000a4
Event: 8.566 Thread 0x0000019978d81000 Uncommon trap: reason=unstable_if action=reinterpret pc=0x0000019967d84844 method=java.net.URI.match(CJJ)Z @ 45 c2
Event: 8.566 Thread 0x0000019978d81000 DEOPT PACKING pc=0x0000019967d84844 sp=0x00000098876f8930
Event: 8.566 Thread 0x0000019978d81000 DEOPT UNPACKING pc=0x00000199602da1af sp=0x00000098876f88e0 mode 2
Event: 8.801 Thread 0x0000019978d81000 DEOPT PACKING pc=0x0000019960bafae8 sp=0x00000098876f8510
Event: 8.801 Thread 0x0000019978d81000 DEOPT UNPACKING pc=0x00000199602da95e sp=0x00000098876f7a28 mode 0

Classes redefined (0 events):
No events

Internal exceptions (20 events):
Event: 8.347 Thread 0x0000019978d81000 Exception <a 'java/lang/ClassNotFoundException'{0x0000000085834908}: org/gradle/api/internal/project/DefaultProjectCustomizer> (0x0000000085834908) thrown at [./src/hotspot/share/classfile/systemDictionary.cpp, line 231]
Event: 8.353 Thread 0x0000019978d81000 Exception <a 'java/lang/ClassNotFoundException'{0x00000000858f0990}: org/gradle/api/internal/project/DefaultProject_DecoratedCustomizer> (0x00000000858f0990) thrown at [./src/hotspot/share/classfile/systemDictionary.cpp, line 231]
Event: 8.503 Thread 0x0000019978d81000 Exception <a 'java/lang/ClassNotFoundException'{0x0000000084ec2da8}: org/gradle/api/internal/artifacts/dsl/dependencies/DefaultDependencyHandler_DecoratedBeanInfo> (0x0000000084ec2da8) thrown at [./src/hotspot/share/classfile/systemDictionary.cpp, line 231]
Event: 8.506 Thread 0x0000019978d81000 Exception <a 'java/lang/ClassNotFoundException'{0x0000000084d02068}: org/gradle/api/internal/artifacts/dsl/dependencies/DefaultDependencyHandlerBeanInfo> (0x0000000084d02068) thrown at [./src/hotspot/share/classfile/systemDictionary.cpp, line 231]
Event: 8.509 Thread 0x0000019978d81000 Exception <a 'java/lang/ClassNotFoundException'{0x0000000084d40ed0}: org/gradle/api/internal/artifacts/dsl/dependencies/DefaultDependencyHandlerCustomizer> (0x0000000084d40ed0) thrown at [./src/hotspot/share/classfile/systemDictionary.cpp, line 231]
Event: 8.514 Thread 0x0000019978d81000 Exception <a 'java/lang/ClassNotFoundException'{0x0000000084daa888}: org/gradle/api/internal/artifacts/dsl/dependencies/DefaultDependencyHandler_DecoratedCustomizer> (0x0000000084daa888) thrown at [./src/hotspot/share/classfile/systemDictionary.cpp, line 231]
Event: 8.533 Thread 0x0000019978d81000 Exception <a 'java/lang/ClassNotFoundException'{0x0000000084cbfb38}: org/gradle/plugin/use/internal/PluginRequestCollector$PluginDependenciesSpecImplBeanInfo> (0x0000000084cbfb38) thrown at [./src/hotspot/share/classfile/systemDictionary.cpp, line 231]
Event: 8.534 Thread 0x0000019978d81000 Exception <a 'java/lang/ClassNotFoundException'{0x0000000084ceefe8}: org/gradle/plugin/use/internal/PluginRequestCollector$PluginDependenciesSpecImplCustomizer> (0x0000000084ceefe8) thrown at [./src/hotspot/share/classfile/systemDictionary.cpp, line 231]
Event: 8.539 Thread 0x0000019978d81000 Exception <a 'java/lang/ClassNotFoundException'{0x0000000084b50890}: org/gradle/plugin/use/internal/PluginRequestCollector$PluginDependencySpecImplBeanInfo> (0x0000000084b50890) thrown at [./src/hotspot/share/classfile/systemDictionary.cpp, line 231]
Event: 8.539 Thread 0x0000019978d81000 Exception <a 'java/lang/ClassNotFoundException'{0x0000000084b7ef90}: org/gradle/plugin/use/internal/PluginRequestCollector$PluginDependencySpecImplCustomizer> (0x0000000084b7ef90) thrown at [./src/hotspot/share/classfile/systemDictionary.cpp, line 231]
Event: 8.694 Thread 0x0000019978d81000 Exception <a 'java/lang/NoSuchMethodError'{0x000000008751c228}: 'int java.lang.invoke.DirectMethodHandle$Holder.invokeInterface(java.lang.Object, java.lang.Object)'> (0x000000008751c228) thrown at [./src/hotspot/share/interpreter/linkResolver.cpp, line 773]
Event: 8.694 Thread 0x0000019978d81000 Exception <a 'java/lang/IncompatibleClassChangeError'{0x000000008751fd08}: Found class java.lang.Object, but interface was expected> (0x000000008751fd08) thrown at [./src/hotspot/share/interpreter/linkResolver.cpp, line 839]
Event: 8.755 Thread 0x0000019978d81000 Exception <a 'java/lang/NoSuchMethodError'{0x0000000086db1450}: 'int java.lang.invoke.DirectMethodHandle$Holder.invokeStaticInit(java.lang.Object)'> (0x0000000086db1450) thrown at [./src/hotspot/share/interpreter/linkResolver.cpp, line 773]
Event: 8.782 Thread 0x0000019978d81000 Exception <a 'java/lang/NoSuchMethodError'{0x0000000086aa2808}: 'void java.lang.invoke.DirectMethodHandle$Holder.invokeStatic(java.lang.Object, java.lang.Object, java.lang.Object, int, java.lang.Object)'> (0x0000000086aa2808) thrown at [./src/hotspot/share/interpreter/linkResolver.cpp, line 773]
Event: 8.823 Thread 0x0000019978d81000 Exception <a 'java/lang/NoSuchMethodError'{0x00000000866aa268}: 'java.lang.Object java.lang.invoke.DelegatingMethodHandle$Holder.reinvoke_L(java.lang.Object, java.lang.Object, java.lang.Object, java.lang.Object, java.lang.Object, java.lang.Object, java.lang.Object, java.lang.Object, java.lang.Object, java.lang.Object, java.lang.Object, java.lang.Object, java.lang.Object, java.lang.Object, java.lang.Object, java.lang.Object, java.lang.Object, java.lang.Object, java.lang.Object, java.lang.Object, java.lang.O
Event: 8.823 Thread 0x0000019978d81000 Exception <a 'java/lang/NoSuchMethodError'{0x00000000866bc218}: 'java.lang.Object java.lang.invoke.Invokers$Holder.invoker(java.lang.Object, java.lang.Object, java.lang.Object, java.lang.Object, java.lang.Object, java.lang.Object, java.lang.Object, java.lang.Object, java.lang.Object, java.lang.Object, java.lang.Object, java.lang.Object, java.lang.Object, java.lang.Object, java.lang.Object, java.lang.Object, java.lang.Object, java.lang.Object, java.lang.Object, java.lang.Object, java.lang.Object)'> (0x00000
Event: 8.824 Thread 0x0000019978d81000 Exception <a 'java/lang/NoSuchMethodError'{0x00000000866c3588}: 'java.lang.Object java.lang.invoke.DelegatingMethodHandle$Holder.delegate(java.lang.Object, java.lang.Object, java.lang.Object, java.lang.Object, java.lang.Object, java.lang.Object, java.lang.Object, java.lang.Object, java.lang.Object, java.lang.Object, java.lang.Object, java.lang.Object, java.lang.Object, java.lang.Object, java.lang.Object, java.lang.Object, java.lang.Object, java.lang.Object, java.lang.Object, java.lang.Object, java.lang.Obj
Event: 8.827 Thread 0x0000019978d81000 Exception <a 'java/lang/NoSuchMethodError'{0x000000008650cce0}: 'java.lang.Object java.lang.invoke.DirectMethodHandle$Holder.invokeStatic(java.lang.Object, java.lang.Object, java.lang.Object, java.lang.Object, java.lang.Object, java.lang.Object, java.lang.Object, java.lang.Object, java.lang.Object, java.lang.Object, java.lang.Object, java.lang.Object, java.lang.Object, java.lang.Object, java.lang.Object)'> (0x000000008650cce0) thrown at [./src/hotspot/share/interpreter/linkResolver.cpp, line 773]
Event: 8.828 Thread 0x0000019978d81000 Exception <a 'java/lang/NoSuchMethodError'{0x000000008651d318}: 'java.lang.Object java.lang.invoke.DirectMethodHandle$Holder.invokeStatic(java.lang.Object, java.lang.Object, java.lang.Object, java.lang.Object, java.lang.Object, java.lang.Object, java.lang.Object, java.lang.Object, java.lang.Object, java.lang.Object, java.lang.Object, java.lang.Object, java.lang.Object, java.lang.Object, java.lang.Object, java.lang.Object)'> (0x000000008651d318) thrown at [./src/hotspot/share/interpreter/linkResolver.cpp, l
Event: 8.828 Thread 0x0000019978d81000 Exception <a 'java/lang/NoSuchMethodError'{0x000000008652d860}: 'java.lang.Object java.lang.invoke.DelegatingMethodHandle$Holder.reinvoke_L(java.lang.Object, java.lang.Object, java.lang.Object, java.lang.Object, java.lang.Object, java.lang.Object, java.lang.Object, java.lang.Object, java.lang.Object, java.lang.Object, java.lang.Object, java.lang.Object, java.lang.Object, java.lang.Object, java.lang.Object, java.lang.Object, java.lang.Object, java.lang.Object, java.lang.Object, java.lang.Object)'> (0x000000

Events (20 events):
Event: 8.854 loading class org/gradle/internal/component/external/model/AbstractMutableModuleComponentResolveMetadata$FileImpl
Event: 8.854 loading class org/gradle/internal/component/external/model/AbstractMutableModuleComponentResolveMetadata$FileImpl done
Event: 8.854 loading class org/gradle/internal/component/external/model/ComponentVariant$File
Event: 8.854 loading class org/gradle/internal/component/external/model/ComponentVariant$File done
Event: 8.855 loading class org/gradle/internal/component/external/model/AbstractMutableModuleComponentResolveMetadata$DependencyImpl
Event: 8.855 loading class org/gradle/internal/component/external/model/AbstractMutableModuleComponentResolveMetadata$DependencyImpl done
Event: 8.855 loading class org/gradle/internal/component/external/model/ComponentVariant$Dependency
Event: 8.855 loading class org/gradle/internal/component/external/model/ComponentVariant$Dependency done
Event: 8.855 loading class org/gradle/api/capabilities/Capability
Event: 8.855 loading class org/gradle/api/capabilities/Capability done
Event: 8.855 loading class org/gradle/api/capabilities/Capability
Event: 8.855 loading class org/gradle/api/capabilities/Capability done
Event: 8.856 loading class org/gradle/internal/component/external/model/AbstractMutableModuleComponentResolveMetadata$ImmutableVariantImpl
Event: 8.856 loading class org/gradle/internal/component/external/model/AbstractMutableModuleComponentResolveMetadata$ImmutableVariantImpl done
Event: 8.856 loading class org/gradle/internal/component/external/model/ComponentVariant
Event: 8.856 loading class org/gradle/internal/component/external/model/ComponentVariant done
Event: 8.857 loading class org/gradle/internal/component/external/model/LazyVariantBackedConfigurationMetadata
Event: 8.857 loading class org/gradle/internal/component/external/model/LazyVariantBackedConfigurationMetadata done
Event: 8.857 loading class org/gradle/internal/component/external/model/AbstractVariantBackedConfigurationMetadata
Event: 8.857 loading class org/gradle/internal/component/external/model/AbstractVariantBackedConfigurationMetadata done


Dynamic libraries:
0x00007ff7ede50000 - 0x00007ff7ede5a000 	C:\Program Files\Android\Android Studio\jre\bin\java.exe
0x00007ffac90d0000 - 0x00007ffac92e4000 	C:\WINDOWS\SYSTEM32\ntdll.dll
0x00007ffac8220000 - 0x00007ffac82e2000 	C:\WINDOWS\System32\KERNEL32.DLL
0x00007ffac6620000 - 0x00007ffac69bc000 	C:\WINDOWS\System32\KERNELBASE.dll
0x00007ffac6500000 - 0x00007ffac6611000 	C:\WINDOWS\System32\ucrtbase.dll
0x00007ffab0000000 - 0x00007ffab0019000 	C:\Program Files\Android\Android Studio\jre\bin\jli.dll
0x00007ffac8500000 - 0x00007ffac86aa000 	C:\WINDOWS\System32\USER32.dll
0x00007ffac6ae0000 - 0x00007ffac6b06000 	C:\WINDOWS\System32\win32u.dll
0x00007ffac9060000 - 0x00007ffac9089000 	C:\WINDOWS\System32\GDI32.dll
0x00007ffac69c0000 - 0x00007ffac6ad2000 	C:\WINDOWS\System32\gdi32full.dll
0x00007ffac6e30000 - 0x00007ffac6eca000 	C:\WINDOWS\System32\msvcp_win.dll
0x00007ffaadfb0000 - 0x00007ffaadfc7000 	C:\Program Files\Android\Android Studio\jre\bin\VCRUNTIME140.dll
0x00007ffab2e40000 - 0x00007ffab30ce000 	C:\WINDOWS\WinSxS\amd64_microsoft.windows.common-controls_6595b64144ccf1df_6.0.22621.608_none_a9444ca7c10bb01d\COMCTL32.dll
0x00007ffac8170000 - 0x00007ffac8217000 	C:\WINDOWS\System32\msvcrt.dll
0x00007ffac8ac0000 - 0x00007ffac8af1000 	C:\WINDOWS\System32\IMM32.DLL
0x00007ffa6e880000 - 0x00007ffa6e91d000 	C:\Program Files\Android\Android Studio\jre\bin\msvcp140.dll
0x00007ffa5d270000 - 0x00007ffa5dd72000 	C:\Program Files\Android\Android Studio\jre\bin\server\jvm.dll
0x00007ffac8880000 - 0x00007ffac892e000 	C:\WINDOWS\System32\ADVAPI32.dll
0x00007ffac8450000 - 0x00007ffac84f4000 	C:\WINDOWS\System32\sechost.dll
0x00007ffac86d0000 - 0x00007ffac87e5000 	C:\WINDOWS\System32\RPCRT4.dll
0x00007ffac7090000 - 0x00007ffac7098000 	C:\WINDOWS\System32\PSAPI.DLL
0x00007ffa8ea70000 - 0x00007ffa8ea79000 	C:\WINDOWS\SYSTEM32\WSOCK32.dll
0x00007ffac7190000 - 0x00007ffac7201000 	C:\WINDOWS\System32\WS2_32.dll
0x00007ffac00e0000 - 0x00007ffac0114000 	C:\WINDOWS\SYSTEM32\WINMM.dll
0x00007ffabfb20000 - 0x00007ffabfb2a000 	C:\WINDOWS\SYSTEM32\VERSION.dll
0x00007ffac5630000 - 0x00007ffac5648000 	C:\WINDOWS\SYSTEM32\kernel.appcore.dll
0x00007ffac2e40000 - 0x00007ffac2e51000 	C:\Program Files\Android\Android Studio\jre\bin\verify.dll
0x00007ffac3f30000 - 0x00007ffac415e000 	C:\WINDOWS\SYSTEM32\DBGHELP.DLL
0x00007ffac8b00000 - 0x00007ffac8e89000 	C:\WINDOWS\System32\combase.dll
0x00007ffac8370000 - 0x00007ffac8447000 	C:\WINDOWS\System32\OLEAUT32.dll
0x00007ffab30d0000 - 0x00007ffab3102000 	C:\WINDOWS\SYSTEM32\dbgcore.DLL
0x00007ffac6d40000 - 0x00007ffac6dbb000 	C:\WINDOWS\System32\bcryptPrimitives.dll
0x00007ffac0990000 - 0x00007ffac09b9000 	C:\Program Files\Android\Android Studio\jre\bin\java.dll
0x00007ffac3480000 - 0x00007ffac348b000 	C:\Program Files\Android\Android Studio\jre\bin\jimage.dll
0x00007ffac1200000 - 0x00007ffac1218000 	C:\Program Files\Android\Android Studio\jre\bin\zip.dll
0x00007ffac7690000 - 0x00007ffac7e6d000 	C:\WINDOWS\System32\SHELL32.dll
0x00007ffac4520000 - 0x00007ffac4dd7000 	C:\WINDOWS\SYSTEM32\windows.storage.dll
0x00007ffac43e0000 - 0x00007ffac451d000 	C:\WINDOWS\SYSTEM32\wintypes.dll
0x00007ffac89c0000 - 0x00007ffac8ab1000 	C:\WINDOWS\System32\SHCORE.dll
0x00007ffac8ee0000 - 0x00007ffac8f3e000 	C:\WINDOWS\System32\shlwapi.dll
0x00007ffac6430000 - 0x00007ffac6451000 	C:\WINDOWS\SYSTEM32\profapi.dll
0x00007ffac0dd0000 - 0x00007ffac0dea000 	C:\Program Files\Android\Android Studio\jre\bin\net.dll
0x00007ffabff10000 - 0x00007ffac003f000 	C:\WINDOWS\SYSTEM32\WINHTTP.dll
0x00007ffac5a90000 - 0x00007ffac5af9000 	C:\WINDOWS\system32\mswsock.dll
0x00007ffac0970000 - 0x00007ffac0984000 	C:\Program Files\Android\Android Studio\jre\bin\nio.dll
0x00007ffab6150000 - 0x00007ffab6177000 	C:\Users\Ray Ann Martinez\.gradle\native\e1d6ef7f7dcc3fd88c89a11ec53ec762bb8ba0a96d01ffa2cd45eb1d1d8dd5c5\windows-amd64\native-platform.dll
0x00007ffa6ba20000 - 0x00007ffa6bb64000 	C:\Users\Ray Ann Martinez\.gradle\native\0d407fdbe67a94daf76414ababcb853783967236a71b16ec16e742cd7a986fd3\windows-amd64\native-platform-file-events.dll
0x00007ffac3460000 - 0x00007ffac346a000 	C:\Program Files\Android\Android Studio\jre\bin\management.dll
0x00007ffac0930000 - 0x00007ffac093d000 	C:\Program Files\Android\Android Studio\jre\bin\management_ext.dll
0x00007ffac5cf0000 - 0x00007ffac5d0b000 	C:\WINDOWS\SYSTEM32\CRYPTSP.dll
0x00007ffac55a0000 - 0x00007ffac55d5000 	C:\WINDOWS\system32\rsaenh.dll
0x00007ffac5ba0000 - 0x00007ffac5bc8000 	C:\WINDOWS\SYSTEM32\USERENV.dll
0x00007ffac5eb0000 - 0x00007ffac5ed8000 	C:\WINDOWS\SYSTEM32\bcrypt.dll
0x00007ffac5d10000 - 0x00007ffac5d1c000 	C:\WINDOWS\SYSTEM32\CRYPTBASE.dll
0x00007ffac50a0000 - 0x00007ffac50cd000 	C:\WINDOWS\SYSTEM32\IPHLPAPI.DLL
0x00007ffac87f0000 - 0x00007ffac87f9000 	C:\WINDOWS\System32\NSI.dll
0x00007ffabfd20000 - 0x00007ffabfd39000 	C:\WINDOWS\SYSTEM32\dhcpcsvc6.DLL
0x00007ffabfd00000 - 0x00007ffabfd1f000 	C:\WINDOWS\SYSTEM32\dhcpcsvc.DLL
0x00007ffac5110000 - 0x00007ffac5202000 	C:\WINDOWS\SYSTEM32\DNSAPI.dll

dbghelp: loaded successfully - version: 4.0.5 - missing functions: none
symbol engine: initialized successfully - sym options: 0x614 - pdb path: .;C:\Program Files\Android\Android Studio\jre\bin;C:\WINDOWS\SYSTEM32;C:\WINDOWS\WinSxS\amd64_microsoft.windows.common-controls_6595b64144ccf1df_6.0.22621.608_none_a9444ca7c10bb01d;C:\Program Files\Android\Android Studio\jre\bin\server;C:\Users\Ray Ann Martinez\.gradle\native\e1d6ef7f7dcc3fd88c89a11ec53ec762bb8ba0a96d01ffa2cd45eb1d1d8dd5c5\windows-amd64;C:\Users\Ray Ann Martinez\.gradle\native\0d407fdbe67a94daf76414ababcb853783967236a71b16ec16e742cd7a986fd3\windows-amd64

VM Arguments:
jvm_args: --add-opens=java.base/java.util=ALL-UNNAMED --add-opens=java.base/java.lang=ALL-UNNAMED --add-opens=java.base/java.lang.invoke=ALL-UNNAMED --add-opens=java.base/java.util=ALL-UNNAMED --add-opens=java.prefs/java.util.prefs=ALL-UNNAMED --add-opens=java.prefs/java.util.prefs=ALL-UNNAMED --add-opens=java.base/java.nio.charset=ALL-UNNAMED --add-opens=java.base/java.net=ALL-UNNAMED --add-opens=java.base/java.util.concurrent.atomic=ALL-UNNAMED -Xmx2048m -Dfile.encoding=UTF-8 -Duser.country=PH -Duser.language=en -Duser.variant 
java_command: org.gradle.launcher.daemon.bootstrap.GradleDaemon 7.4
java_class_path (initial): C:\Users\Ray Ann Martinez\.gradle\wrapper\dists\gradle-7.4-bin\c0gwcg53nkjbqw7r0h0umtfvt\gradle-7.4\lib\gradle-launcher-7.4.jar
Launcher Type: SUN_STANDARD

[Global flags]
     intx CICompilerCount                          = 4                                         {product} {ergonomic}
     uint ConcGCThreads                            = 2                                         {product} {ergonomic}
     uint G1ConcRefinementThreads                  = 8                                         {product} {ergonomic}
   size_t G1HeapRegionSize                         = 1048576                                   {product} {ergonomic}
    uintx GCDrainStackTargetSize                   = 64                                        {product} {ergonomic}
   size_t InitialHeapSize                          = 132120576                                 {product} {ergonomic}
   size_t MarkStackSize                            = 4194304                                   {product} {ergonomic}
   size_t MaxHeapSize                              = 2147483648                                {product} {command line}
   size_t MaxNewSize                               = 1287651328                                {product} {ergonomic}
   size_t MinHeapDeltaBytes                        = 1048576                                   {product} {ergonomic}
    uintx NonNMethodCodeHeapSize                   = 5836300                                {pd product} {ergonomic}
    uintx NonProfiledCodeHeapSize                  = 122910970                              {pd product} {ergonomic}
    uintx ProfiledCodeHeapSize                     = 122910970                              {pd product} {ergonomic}
    uintx ReservedCodeCacheSize                    = 251658240                              {pd product} {ergonomic}
     bool SegmentedCodeCache                       = true                                      {product} {ergonomic}
     bool UseCompressedClassPointers               = true                                 {lp64_product} {ergonomic}
     bool UseCompressedOops                        = true                                 {lp64_product} {ergonomic}
     bool UseG1GC                                  = true                                      {product} {ergonomic}
     bool UseLargePagesIndividualAllocation        = false                                  {pd product} {ergonomic}

Logging:
Log output configuration:
 #0: stdout all=warning uptime,level,tags
 #1: stderr all=off uptime,level,tags

Environment Variables:
PATH=C:\Program Files\Common Files\Oracle\Java\javapath;C:\Program Files (x86)\Common Files\Oracle\Java\javapath;C:\Program Files (x86)\Razer\ChromaBroadcast\bin;C:\Program Files\Razer\ChromaBroadcast\bin;C:\Windows\system32;C:\Windows;C:\Windows\System32\Wbem;C:\Windows\System32\WindowsPowerShell\v1.0\;C:\Windows\System32\OpenSSH\;C:\Program Files (x86)\NVIDIA Corporation\PhysX\Common;C:\Program Files\NVIDIA Corporation\NVIDIA NvDLISR;C:\WINDOWS\system32;C:\WINDOWS;C:\WINDOWS\System32\Wbem;C:\WINDOWS\System32\WindowsPowerShell\v1.0\;C:\WINDOWS\System32\OpenSSH\;C:\WINDOWS\system32\config\systemprofile\AppData\Local\Microsoft\WindowsApps;C:\WINDOWS\system32;C:\WINDOWS;C:\WINDOWS\System32\Wbem;C:\WINDOWS\System32\WindowsPowerShell\v1.0\;C:\WINDOWS\System32\OpenSSH\;C:\ProgramData\chocolatey\bin;C:\ProgramData\chocolatey\lib\mpv.install\tools;C:\Program Files\dotnet\;C:\Users\Ray Ann Martinez\AppData\Local\Android Open Source Project\Emulator;C:\Program Files\Git\cmd;C:\Program Files\Docker\Docker\resources\bin;C:\ProgramData\DockerDesktop\version-bin;C:\Program Files\nodejs\;C:\Users\Ray Ann Martinez\AppData\Local\Packages\PythonSoftwareFoundation.Python.3.10_qbz5n2kfra8p0\LocalCache\local-packages\Python310\Scripts;C:\Users\Ray Ann Martinez\AppData\Local\Microsoft\WindowsApps;C:\Users\Ray Ann Martinez\AppData\Local\Android Open Source Project\Emulator;C:\Program Files\Java\jdk-18.0.2.1\bin;C:\Users\Ray Ann Martinez\AppData\Local\Programs\Microsoft VS Code\bin;C:\Users\Ray Ann Martinez\AppData\Roaming\npm;C:\Users\Ray Ann Martinez\AppData\Local\GitHubDesktop\bin;C:\Users\Ray Ann Martinez\AppData\Local\Programs\Python\Python310\Scripts;C:\Users\Ray Ann Martinez\AppData\Local\Packages\PythonSoftwareFoundation.Python.3.10_qbz5n2kfra8p0\LocalCache\local-packages\Python310\Scripts;
USERNAME=Ray Ann Martinez
OS=Windows_NT
PROCESSOR_IDENTIFIER=Intel64 Family 6 Model 165 Stepping 2, GenuineIntel



---------------  S Y S T E M  ---------------

OS: Windows 11 , 64 bit Build 22621 (10.0.22621.608)
OS uptime: 6 days 22:29 hours
Hyper-V role detected

CPU:total 8 (initial active 8) (4 cores per cpu, 2 threads per core) family 6 model 165 stepping 2 microcode 0xe2, cmov, cx8, fxsr, mmx, sse, sse2, sse3, ssse3, sse4.1, sse4.2, popcnt, avx, avx2, aes, clmul, erms, 3dnowpref, lzcnt, ht, tsc, tscinvbit, bmi1, bmi2, adx, fma

Memory: 4k page, system-wide physical 8059M (259M free)
TotalPageFile size 32635M (AvailPageFile size 4M)
current process WorkingSet (physical memory assigned to process): 262M, peak: 262M
current process commit charge ("private bytes"): 311M, peak: 311M

vm_info: OpenJDK 64-Bit Server VM (11.0.13+0-b1751.21-8125866) for windows-amd64 JRE (11.0.13+0-b1751.21-8125866), built on Feb  2 2022 03:00:22 by "builder" with MS VC++ 14.0 (VS2015)

END.
